2025-12-25T00:22:31+00:00 INFO Automatic database update triggered.
2025-12-25T00:22:31+00:00 INFO Scheduling database updates (from 2.5.5)...
2025-12-25T00:22:31+00:00 INFO   [2.6.0] Scheduled 'wc_update_260_options'.
2025-12-25T00:22:31+00:00 INFO   [2.6.0] Scheduled 'wc_update_260_termmeta'.
2025-12-25T00:22:31+00:00 INFO   [2.6.0] Scheduled 'wc_update_260_zones'.
2025-12-25T00:22:31+00:00 INFO   [2.6.0] Scheduled 'wc_update_260_zone_methods'.
2025-12-25T00:22:32+00:00 INFO   [2.6.0] Scheduled 'wc_update_260_refunds'.
2025-12-25T00:22:32+00:00 INFO   [2.6.0] Scheduled 'wc_update_260_db_version'.
2025-12-25T00:22:32+00:00 INFO   [3.0.0] Scheduled 'wc_update_300_grouped_products'.
2025-12-25T00:22:32+00:00 INFO   [3.0.0] Scheduled 'wc_update_300_settings'.
2025-12-25T00:22:32+00:00 INFO   [3.0.0] Scheduled 'wc_update_300_product_visibility'.
2025-12-25T00:22:32+00:00 INFO   [3.0.0] Scheduled 'wc_update_300_db_version'.
2025-12-25T00:22:32+00:00 INFO   [3.1.0] Scheduled 'wc_update_310_downloadable_products'.
2025-12-25T00:22:32+00:00 INFO   [3.1.0] Scheduled 'wc_update_310_old_comments'.
2025-12-25T00:22:32+00:00 INFO   [3.1.0] Scheduled 'wc_update_310_db_version'.
2025-12-25T00:22:32+00:00 INFO   [3.1.2] Scheduled 'wc_update_312_shop_manager_capabilities'.
2025-12-25T00:22:32+00:00 INFO   [3.1.2] Scheduled 'wc_update_312_db_version'.
2025-12-25T00:22:32+00:00 INFO   [3.2.0] Scheduled 'wc_update_320_mexican_states'.
2025-12-25T00:22:32+00:00 INFO   [3.2.0] Scheduled 'wc_update_320_db_version'.
2025-12-25T00:22:32+00:00 INFO   [3.3.0] Scheduled 'wc_update_330_image_options'.
2025-12-25T00:22:32+00:00 INFO   [3.3.0] Scheduled 'wc_update_330_webhooks'.
2025-12-25T00:22:32+00:00 INFO   [3.3.0] Scheduled 'wc_update_330_product_stock_status'.
2025-12-25T00:22:32+00:00 INFO   [3.3.0] Scheduled 'wc_update_330_set_default_product_cat'.
2025-12-25T00:22:32+00:00 INFO   [3.3.0] Scheduled 'wc_update_330_clear_transients'.
2025-12-25T00:22:32+00:00 INFO   [3.3.0] Scheduled 'wc_update_330_set_paypal_sandbox_credentials'.
2025-12-25T00:22:32+00:00 INFO   [3.3.0] Scheduled 'wc_update_330_db_version'.
2025-12-25T00:22:32+00:00 INFO   [3.4.0] Scheduled 'wc_update_340_states'.
2025-12-25T00:22:32+00:00 INFO   [3.4.0] Scheduled 'wc_update_340_state'.
2025-12-25T00:22:32+00:00 INFO   [3.4.0] Scheduled 'wc_update_340_last_active'.
2025-12-25T00:22:32+00:00 INFO   [3.4.0] Scheduled 'wc_update_340_db_version'.
2025-12-25T00:22:32+00:00 INFO   [3.4.3] Scheduled 'wc_update_343_cleanup_foreign_keys'.
2025-12-25T00:22:32+00:00 INFO   [3.4.3] Scheduled 'wc_update_343_db_version'.
2025-12-25T00:22:32+00:00 INFO   [3.4.4] Scheduled 'wc_update_344_recreate_roles'.
2025-12-25T00:22:32+00:00 INFO   [3.4.4] Scheduled 'wc_update_344_db_version'.
2025-12-25T00:22:32+00:00 INFO   [3.5.0] Scheduled 'wc_update_350_reviews_comment_type'.
2025-12-25T00:22:32+00:00 INFO   [3.5.0] Scheduled 'wc_update_350_db_version'.
2025-12-25T00:22:32+00:00 INFO   [3.5.2] Scheduled 'wc_update_352_drop_download_log_fk'.
2025-12-25T00:22:32+00:00 INFO   [3.5.4] Scheduled 'wc_update_354_modify_shop_manager_caps'.
2025-12-25T00:22:32+00:00 INFO   [3.5.4] Scheduled 'wc_update_354_db_version'.
2025-12-25T00:22:32+00:00 INFO   [3.6.0] Scheduled 'wc_update_360_product_lookup_tables'.
2025-12-25T00:22:32+00:00 INFO   [3.6.0] Scheduled 'wc_update_360_term_meta'.
2025-12-25T00:22:32+00:00 INFO   [3.6.0] Scheduled 'wc_update_360_downloadable_product_permissions_index'.
2025-12-25T00:22:32+00:00 INFO   [3.6.0] Scheduled 'wc_update_360_db_version'.
2025-12-25T00:22:32+00:00 INFO   [3.7.0] Scheduled 'wc_update_370_tax_rate_classes'.
2025-12-25T00:22:32+00:00 INFO   [3.7.0] Scheduled 'wc_update_370_mro_std_currency'.
2025-12-25T00:22:32+00:00 INFO   [3.7.0] Scheduled 'wc_update_370_db_version'.
2025-12-25T00:22:32+00:00 INFO   [3.9.0] Scheduled 'wc_update_390_move_maxmind_database'.
2025-12-25T00:22:32+00:00 INFO   [3.9.0] Scheduled 'wc_update_390_change_geolocation_database_update_cron'.
2025-12-25T00:22:32+00:00 INFO   [3.9.0] Scheduled 'wc_update_390_db_version'.
2025-12-25T00:22:32+00:00 INFO   [4.0.0] Scheduled 'wc_update_product_lookup_tables'.
2025-12-25T00:22:32+00:00 INFO   [4.0.0] Scheduled 'wc_update_400_increase_size_of_column'.
2025-12-25T00:22:32+00:00 INFO   [4.0.0] Scheduled 'wc_update_400_reset_action_scheduler_migration_status'.
2025-12-25T00:22:32+00:00 INFO   [4.0.0] Scheduled 'wc_admin_update_0201_order_status_index'.
2025-12-25T00:22:32+00:00 INFO   [4.0.0] Scheduled 'wc_admin_update_0230_rename_gross_total'.
2025-12-25T00:22:32+00:00 INFO   [4.0.0] Scheduled 'wc_admin_update_0251_remove_unsnooze_action'.
2025-12-25T00:22:32+00:00 INFO   [4.0.0] Scheduled 'wc_update_400_db_version'.
2025-12-25T00:22:32+00:00 INFO   [4.4.0] Scheduled 'wc_update_440_insert_attribute_terms_for_variable_products'.
2025-12-25T00:22:32+00:00 INFO   [4.4.0] Scheduled 'wc_admin_update_110_remove_facebook_note'.
2025-12-25T00:22:32+00:00 INFO   [4.4.0] Scheduled 'wc_admin_update_130_remove_dismiss_action_from_tracking_opt_in_note'.
2025-12-25T00:22:32+00:00 INFO   [4.4.0] Scheduled 'wc_update_440_db_version'.
2025-12-25T00:22:32+00:00 INFO   [4.5.0] Scheduled 'wc_update_450_sanitize_coupons_code'.
2025-12-25T00:22:32+00:00 INFO   [4.5.0] Scheduled 'wc_update_450_db_version'.
2025-12-25T00:22:32+00:00 INFO   [5.0.0] Scheduled 'wc_update_500_fix_product_review_count'.
2025-12-25T00:22:32+00:00 INFO   [5.0.0] Scheduled 'wc_admin_update_160_remove_facebook_note'.
2025-12-25T00:22:32+00:00 INFO   [5.0.0] Scheduled 'wc_admin_update_170_homescreen_layout'.
2025-12-25T00:22:32+00:00 INFO   [5.0.0] Scheduled 'wc_update_500_db_version'.
2025-12-25T00:22:32+00:00 INFO   [5.6.0] Scheduled 'wc_update_560_create_refund_returns_page'.
2025-12-25T00:22:32+00:00 INFO   [5.6.0] Scheduled 'wc_update_560_db_version'.
2025-12-25T00:22:32+00:00 INFO   [6.0.0] Scheduled 'wc_update_600_migrate_rate_limit_options'.
2025-12-25T00:22:32+00:00 INFO   [6.0.0] Scheduled 'wc_admin_update_270_delete_report_downloads'.
2025-12-25T00:22:32+00:00 INFO   [6.0.0] Scheduled 'wc_admin_update_271_update_task_list_options'.
2025-12-25T00:22:32+00:00 INFO   [6.0.0] Scheduled 'wc_admin_update_280_order_status'.
2025-12-25T00:22:32+00:00 INFO   [6.0.0] Scheduled 'wc_admin_update_290_update_apperance_task_option'.
2025-12-25T00:22:32+00:00 INFO   [6.0.0] Scheduled 'wc_admin_update_290_delete_default_homepage_layout_option'.
2025-12-25T00:22:33+00:00 INFO   [6.0.0] Scheduled 'wc_update_600_db_version'.
2025-12-25T00:22:33+00:00 INFO   [6.3.0] Scheduled 'wc_update_630_create_product_attributes_lookup_table'.
2025-12-25T00:22:33+00:00 INFO   [6.3.0] Scheduled 'wc_admin_update_300_update_is_read_from_last_read'.
2025-12-25T00:22:33+00:00 INFO   [6.3.0] Scheduled 'wc_update_630_db_version'.
2025-12-25T00:22:33+00:00 INFO   [6.4.0] Scheduled 'wc_update_640_add_primary_key_to_product_attributes_lookup_table'.
2025-12-25T00:22:33+00:00 INFO   [6.4.0] Scheduled 'wc_admin_update_340_remove_is_primary_from_note_action'.
2025-12-25T00:22:33+00:00 INFO   [6.4.0] Scheduled 'wc_update_640_db_version'.
2025-12-25T00:22:33+00:00 INFO   [6.5.0] Scheduled 'wc_update_650_approved_download_directories'.
2025-12-25T00:22:33+00:00 INFO   [6.5.1] Scheduled 'wc_update_651_approved_download_directories'.
2025-12-25T00:22:33+00:00 INFO   [6.7.0] Scheduled 'wc_update_670_purge_comments_count_cache'.
2025-12-25T00:22:33+00:00 INFO   [6.7.0] Scheduled 'wc_update_670_delete_deprecated_remote_inbox_notifications_option'.
2025-12-25T00:22:33+00:00 INFO   [7.0.0] Scheduled 'wc_update_700_remove_download_log_fk'.
2025-12-25T00:22:33+00:00 INFO   [7.0.0] Scheduled 'wc_update_700_remove_recommended_marketing_plugins_transient'.
2025-12-25T00:22:33+00:00 INFO   [7.2.1] Scheduled 'wc_update_721_adjust_new_zealand_states'.
2025-12-25T00:22:33+00:00 INFO   [7.2.1] Scheduled 'wc_update_721_adjust_ukraine_states'.
2025-12-25T00:22:33+00:00 INFO   [7.2.2] Scheduled 'wc_update_722_adjust_new_zealand_states'.
2025-12-25T00:22:33+00:00 INFO   [7.2.2] Scheduled 'wc_update_722_adjust_ukraine_states'.
2025-12-25T00:22:33+00:00 INFO   [7.5.0] Scheduled 'wc_update_750_add_columns_to_order_stats_table'.
2025-12-25T00:22:33+00:00 INFO   [7.5.0] Scheduled 'wc_update_750_disable_new_product_management_experience'.
2025-12-25T00:22:33+00:00 INFO   [7.7.0] Scheduled 'wc_update_770_remove_multichannel_marketing_feature_options'.
2025-12-25T00:22:33+00:00 INFO   [7.9.0] Scheduled 'wc_update_790_blockified_product_grid_block'.
2025-12-25T00:22:33+00:00 INFO   [8.1.0] Scheduled 'wc_update_810_migrate_transactional_metadata_for_hpos'.
2025-12-25T00:22:33+00:00 INFO   [8.3.0] Scheduled 'wc_update_830_rename_checkout_template'.
2025-12-25T00:22:33+00:00 INFO   [8.3.0] Scheduled 'wc_update_830_rename_cart_template'.
2025-12-25T00:22:33+00:00 INFO   [8.6.0] Scheduled 'wc_update_860_remove_recommended_marketing_plugins_transient'.
2025-12-25T00:22:33+00:00 INFO   [8.7.0] Scheduled 'wc_update_870_prevent_listing_of_transient_files_directory'.
2025-12-25T00:22:33+00:00 INFO   [8.9.0] Scheduled 'wc_update_890_update_connect_to_woocommerce_note'.
2025-12-25T00:22:33+00:00 INFO   [8.9.0] Scheduled 'wc_update_890_update_paypal_standard_load_eligibility'.
2025-12-25T00:22:33+00:00 INFO   [8.9.1] Scheduled 'wc_update_891_create_plugin_autoinstall_history_option'.
2025-12-25T00:22:33+00:00 INFO   [9.1.0] Scheduled 'wc_update_910_add_launch_your_store_tour_option'.
2025-12-25T00:22:33+00:00 INFO   [9.1.0] Scheduled 'wc_update_910_remove_obsolete_user_meta'.
2025-12-25T00:22:33+00:00 INFO   [9.2.0] Scheduled 'wc_update_920_add_wc_hooked_blocks_version_option'.
2025-12-25T00:22:33+00:00 INFO   [9.3.0] Scheduled 'wc_update_930_add_woocommerce_coming_soon_option'.
2025-12-25T00:22:33+00:00 INFO   [9.3.0] Scheduled 'wc_update_930_migrate_user_meta_for_launch_your_store_tour'.
2025-12-25T00:22:33+00:00 INFO   [9.4.0] Scheduled 'wc_update_940_add_phone_to_order_address_fts_index'.
2025-12-25T00:22:33+00:00 INFO   [9.4.0] Scheduled 'wc_update_940_remove_help_panel_highlight_shown'.
2025-12-25T00:22:33+00:00 INFO   [9.5.0] Scheduled 'wc_update_950_tracking_option_autoload'.
2025-12-25T00:22:33+00:00 INFO   [9.6.1] Scheduled 'wc_update_961_migrate_default_email_base_color'.
2025-12-25T00:22:33+00:00 INFO   [9.8.0] Scheduled 'wc_update_980_remove_order_attribution_install_banner_dismissed_option'.
2025-12-25T00:22:33+00:00 INFO   [9.8.5] Scheduled 'wc_update_985_enable_new_payments_settings_page_feature'.
2025-12-25T00:22:33+00:00 INFO   [9.9.0] Scheduled 'wc_update_990_remove_wc_count_comments_transient'.
2025-12-25T00:22:33+00:00 INFO   [9.9.0] Scheduled 'wc_update_990_remove_email_notes'.
2025-12-25T00:22:33+00:00 INFO   [10.0.0] Scheduled 'wc_update_1000_multisite_visibility_setting'.
2025-12-25T00:22:33+00:00 INFO   [10.0.0] Scheduled 'wc_update_1000_remove_patterns_toolkit_transient'.
2025-12-25T00:22:33+00:00 INFO   [10.2.0] Scheduled 'wc_update_1020_add_old_refunded_order_items_to_product_lookup_table'.
2025-12-25T00:22:34+00:00 INFO   [10.3.0] Scheduled 'wc_update_1030_add_comments_date_type_index'.
2025-12-25T00:22:34+00:00 INFO   [10.4.0] Scheduled 'wc_update_1040_add_idx_date_paid_status_parent'.
2025-12-25T00:22:34+00:00 INFO   [10.4.0] Scheduled 'wc_update_1040_cleanup_legacy_ptk_patterns_fetching'.
2025-12-25T00:22:34+00:00 INFO Database updates scheduled.
2025-12-25T00:23:26+00:00 INFO During the update to 9.1.0, WooCommerce removed 2 user meta rows associated with the meta keys "_last_order", "_order_count" or "_money_spent".
2025-12-25T00:23:26+00:00 INFO During the update to 9.4.0, WooCommerce removed 0 user meta rows associated with the meta key "woocommerce_admin_help_panel_highlight_shown".
